28_RoomDataBase/app/build/intermediates/manifest_merge_blame_file/debug/manifest-merger-blame-debug-report.txt
1<?xml version="1.0" encoding="utf-8"?>
2<manifest xmlns:android="http://schemas.android.com/apk/res/android"
3    package="com.example.a28_roomdatabase"
4    android:versionCode="1"
5    android:versionName="1.0" >
6
7    <uses-sdk
8        android:minSdkVersion="21"
8-->src\main\AndroidManifest.xml
9        android:targetSdkVersion="32" />
9-->src\main\AndroidManifest.xml
10
11    <uses-permission android:name="android.permission.VIBRATE" />
11-->[com.wdullaer:materialdatetimepicker:4.2.3] AndroidManifest.xml:26:5-66
11-->[com.wdullaer:materialdatetimepicker:4.2.3] AndroidManifest.xml:26:22-63
12
13    <application
13-->src\main\AndroidManifest.xml:6:5-31:19
14        android:allowBackup="true"
14-->src\main\AndroidManifest.xml:7:9-35
15        android:appComponentFactory="androidx.core.app.CoreComponentFactory"
15-->[androidx.core:core:1.7.0] AndroidManifest.xml:24:18-86
16        android:dataExtractionRules="@xml/data_extraction_rules"
16-->src\main\AndroidManifest.xml:8:9-65
17        android:debuggable="true"
18        android:fullBackupContent="@xml/backup_rules"
18-->src\main\AndroidManifest.xml:9:9-54
19        android:icon="@mipmap/ic_launcher"
19-->src\main\AndroidManifest.xml:10:9-43
20        android:label="@string/app_name"
20-->src\main\AndroidManifest.xml:11:9-41
21        android:roundIcon="@mipmap/ic_launcher_round"
21-->src\main\AndroidManifest.xml:12:9-54
22        android:supportsRtl="true"
22-->src\main\AndroidManifest.xml:13:9-35
23        android:testOnly="true"
24        android:theme="@style/Theme.28_RoomDataBase" >
24-->src\main\AndroidManifest.xml:14:9-53
25        <activity
25-->src\main\AndroidManifest.xml:16:9-18:40
26            android:name="com.example.a28_roomdatabase.Activities.AddCarsActivity"
26-->src\main\AndroidManifest.xml:17:13-55
27            android:exported="false" />
27-->src\main\AndroidManifest.xml:18:13-37
28        <activity
28-->src\main\AndroidManifest.xml:19:9-21:40
29            android:name="com.example.a28_roomdatabase.Activities.AddPricesActivity"
29-->src\main\AndroidManifest.xml:20:13-57
30            android:exported="false" />
30-->src\main\AndroidManifest.xml:21:13-37
31        <activity
31-->src\main\AndroidManifest.xml:22:9-30:20
32            android:name="com.example.a28_roomdatabase.Activities.MainActivity"
32-->src\main\AndroidManifest.xml:23:13-52
33            android:exported="true" >
33-->src\main\AndroidManifest.xml:24:13-36
34            <intent-filter>
34-->src\main\AndroidManifest.xml:25:13-29:29
35                <action android:name="android.intent.action.MAIN" />
35-->src\main\AndroidManifest.xml:26:17-69
35-->src\main\AndroidManifest.xml:26:25-66
36
37                <category android:name="android.intent.category.LAUNCHER" />
37-->src\main\AndroidManifest.xml:28:17-77
37-->src\main\AndroidManifest.xml:28:27-74
38            </intent-filter>
39        </activity>
40
41        <service
41-->[androidx.room:room-runtime:2.4.2] AndroidManifest.xml:25:9-28:40
42            android:name="androidx.room.MultiInstanceInvalidationService"
42-->[androidx.room:room-runtime:2.4.2] AndroidManifest.xml:26:13-74
43            android:directBootAware="true"
43-->[androidx.room:room-runtime:2.4.2] AndroidManifest.xml:27:13-43
44            android:exported="false" />
44-->[androidx.room:room-runtime:2.4.2] AndroidManifest.xml:28:13-37
45
46        <provider
46-->[androidx.emoji2:emoji2:1.0.0] AndroidManifest.xml:26:9-34:20
47            android:name="androidx.startup.InitializationProvider"
47-->[androidx.emoji2:emoji2:1.0.0] AndroidManifest.xml:27:13-67
48            android:authorities="com.example.a28_roomdatabase.androidx-startup"
48-->[androidx.emoji2:emoji2:1.0.0] AndroidManifest.xml:28:13-68
49            android:exported="false" >
49-->[androidx.emoji2:emoji2:1.0.0] AndroidManifest.xml:29:13-37
50            <meta-data
50-->[androidx.emoji2:emoji2:1.0.0] AndroidManifest.xml:31:13-33:52
51                android:name="androidx.emoji2.text.EmojiCompatInitializer"
51-->[androidx.emoji2:emoji2:1.0.0] AndroidManifest.xml:32:17-75
52                android:value="androidx.startup" />
52-->[androidx.emoji2:emoji2:1.0.0] AndroidManifest.xml:33:17-49
53            <meta-data
53-->[androidx.lifecycle:lifecycle-process:2.4.0] AndroidManifest.xml:31:13-33:52
54                android:name="androidx.lifecycle.ProcessLifecycleInitializer"
54-->[androidx.lifecycle:lifecycle-process:2.4.0] AndroidManifest.xml:32:17-78
55                android:value="androidx.startup" />
55-->[androidx.lifecycle:lifecycle-process:2.4.0] AndroidManifest.xml:33:17-49
56        </provider>
57    </application>
58
59</manifest>